<?xml version="1.0" encoding="UTF-8"?>
<testsuite name="Scenario: Enter correct PIN at ATM" tests="5" skipped="0" failures="0" errors="0" timestamp="2018-02-04T13:17:15" hostname="Computer-PC" time="0.003">
  <properties/>
  <testcase name="Given I insert the ATM card in ATM machine" classname="Scenario: Enter correct PIN at ATM" time="0.0"/>
  <testcase name="And I am asked to enter the PIN" classname="Scenario: Enter correct PIN at ATM" time="0.0"/>
  <testcase name="When I enter the correct PIN" classname="Scenario: Enter correct PIN at ATM" time="0.001"/>
  <testcase name="Then I should be able to see option to withdraw money" classname="Scenario: Enter correct PIN at ATM" time="0.0"/>
  <testcase name="classMethod" classname="Scenario: Enter correct PIN at ATM" time="0.138"/>
  <system-out><![CDATA[]]></system-out>
  <system-err><![CDATA[]]></system-err>
</testsuite>
